# JRE version: Java(TM) SE Runtime Environment (14.0.2+12) (build 14.0.2+12-46)
# Java VM: Java HotSpot(TM) 64-Bit Server VM (14.0.2+12-46, mixed mode, sharing, tiered, compressed oops, g1 gc, linux-amd64)
Heap:
 garbage-first heap   total 48128K, used 15750K [0x0000000084800000, 0x0000000100000000)
  region size 1024K, 6 young (6144K), 2 survivors (2048K)
 Metaspace       used 23320K, capacity 24487K, committed 24832K, reserved 1071104K
  class space    used 3108K, capacity 3512K, committed 3584K, reserved 1048576K
GC Heap History (14 events):
Event: 0.484 GC heap before
{Heap before GC invocations=0 (full 0):
 garbage-first heap   total 129024K, used 24388K [0x0000000084800000, 0x0000000100000000)
  region size 1024K, 23 young (23552K), 0 survivors (0K)
 Metaspace       used 4825K, capacity 7250K, committed 7552K, reserved 1056768K
  class space    used 632K, capacity 812K, committed 896K, reserved 1048576K
}
Event: 0.489 GC heap after
{Heap after GC invocations=1 (full 0):
 garbage-first heap   total 129024K, used 4677K [0x0000000084800000, 0x0000000100000000)
  region size 1024K, 3 young (3072K), 3 survivors (3072K)
 Metaspace       used 4825K, capacity 7250K, committed 7552K, reserved 1056768K
  class space    used 632K, capacity 812K, committed 896K, reserved 1048576K
}
Event: 0.845 GC heap before
{Heap before GC invocations=1 (full 0):
 garbage-first heap   total 129024K, used 37445K [0x0000000084800000, 0x0000000100000000)
  region size 1024K, 36 young (36864K), 3 survivors (3072K)
 Metaspace       used 11551K, capacity 13198K, committed 13312K, reserved 1060864K
  class space    used 1567K, capacity 1753K, committed 1792K, reserved 1048576K
}
Event: 0.850 GC heap after
{Heap after GC invocations=2 (full 0):
 garbage-first heap   total 129024K, used 6417K [0x0000000084800000, 0x0000000100000000)
  region size 1024K, 2 young (2048K), 2 survivors (2048K)
 Metaspace       used 11551K, capacity 13198K, committed 13312K, reserved 1060864K
  class space    used 1567K, capacity 1753K, committed 1792K, reserved 1048576K
}
Event: 2.258 GC heap before
{Heap before GC invocations=2 (full 0):
 garbage-first heap   total 129024K, used 80145K [0x0000000084800000, 0x0000000100000000)
  region size 1024K, 74 young (75776K), 2 survivors (2048K)
 Metaspace       used 20206K, capacity 21105K, committed 21248K, reserved 1067008K
  class space    used 2679K, capacity 3034K, committed 3072K, reserved 1048576K
}
Event: 2.263 GC heap after
{Heap after GC invocations=3 (full 0):
 garbage-first heap   total 129024K, used 10688K [0x0000000084800000, 0x0000000100000000)
  region size 1024K, 6 young (6144K), 6 survivors (6144K)
 Metaspace       used 20206K, capacity 21105K, committed 21248K, reserved 1067008K
  class space    used 2679K, capacity 3034K, committed 3072K, reserved 1048576K
}
Event: 2.273 GC heap before
{Heap before GC invocations=3 (full 0):
 garbage-first heap   total 129024K, used 10688K [0x0000000084800000, 0x0000000100000000)
  region size 1024K, 7 young (7168K), 6 survivors (6144K)
 Metaspace       used 20278K, capacity 21134K, committed 21248K, reserved 1067008K
  class space    used 2690K, capacity 3041K, committed 3072K, reserved 1048576K
}
Event: 2.277 GC heap after
{Heap after GC invocations=4 (full 0):
 garbage-first heap   total 129024K, used 11023K [0x0000000084800000, 0x0000000100000000)
  region size 1024K, 5 young (5120K), 5 survivors (5120K)
 Metaspace       used 20278K, capacity 21134K, committed 21248K, reserved 1067008K
  class space    used 2690K, capacity 3041K, committed 3072K, reserved 1048576K
}
Event: 151.268 GC heap before
{Heap before GC invocations=5 (full 0):
 garbage-first heap   total 51200K, used 36623K [0x0000000084800000, 0x0000000100000000)
  region size 1024K, 30 young (30720K), 5 survivors (5120K)
 Metaspace       used 23007K, capacity 24084K, committed 24320K, reserved 1071104K
  class space    used 3062K, capacity 3486K, committed 3584K, reserved 1048576K
}
Event: 151.274 GC heap after
{Heap after GC invocations=6 (full 0):
 garbage-first heap   total 51200K, used 12836K [0x0000000084800000, 0x0000000100000000)
  region size 1024K, 3 young (3072K), 3 survivors (3072K)
 Metaspace       used 23007K, capacity 24084K, committed 24320K, reserved 1071104K
  class space    used 3062K, capacity 3486K, committed 3584K, reserved 1048576K
}
Event: 168.613 GC heap before
{Heap before GC invocations=6 (full 0):
 garbage-first heap   total 51200K, used 14884K [0x0000000084800000, 0x0000000100000000)
  region size 1024K, 6 young (6144K), 3 survivors (3072K)
 Metaspace       used 23253K, capacity 24374K, committed 24576K, reserved 1071104K
  class space    used 3097K, capacity 3498K, committed 3584K, reserved 1048576K
}
Event: 168.628 GC heap after
{Heap after GC invocations=7 (full 1):
 garbage-first heap   total 48128K, used 10828K [0x0000000084800000, 0x0000000100000000)
  region size 1024K, 0 young (0K), 0 survivors (0K)
 Metaspace       used 23253K, capacity 24374K, committed 24576K, reserved 1071104K
  class space    used 3097K, capacity 3498K, committed 3584K, reserved 1048576K
}
Event: 168.804 GC heap before
{Heap before GC invocations=7 (full 1):
 garbage-first heap   total 48128K, used 33356K [0x0000000084800000, 0x0000000100000000)
  region size 1024K, 22 young (22528K), 0 survivors (0K)
 Metaspace       used 23314K, capacity 24481K, committed 24832K, reserved 1071104K
  class space    used 3107K, capacity 3511K, committed 3584K, reserved 1048576K
}
Event: 168.806 GC heap after
{Heap after GC invocations=8 (full 1):
 garbage-first heap   total 48128K, used 12678K [0x0000000084800000, 0x0000000100000000)
  region size 1024K, 2 young (2048K), 2 survivors (2048K)
 Metaspace       used 23314K, capacity 24481K, committed 24832K, reserved 1071104K
  class space    used 3107K, capacity 3511K, committed 3584K, reserved 1048576K
}

